<?xml version="1.0" encoding="UTF-8"?>
<!-- Generated by org.testng.reporters.JUnitReportReporter -->
<testsuite hostname="LAPTOP-UBMQF7FC" failures="0" tests="1" name="com.demowebshop.scripts.Newsbtn" time="10.483" errors="0" timestamp="2022-04-19T17:25:37 IST" skipped="0">
  <testcase classname="com.demowebshop.scripts.Newsbtn" name="NewsbtnTestCase" time="10.483"/>
  <system-out/>
</testsuite> <!-- com.demowebshop.scripts.Newsbtn -->
